
> frontend@0.1.0 build
> next build

   ▲ Next.js 15.1.0

   Creating an optimized production build ...
 ✓ Compiled successfully
   Linting and checking validity of types ...

./app/dashboard/mpmc/[id]/page.tsx
3:17  Warning: 'useState' is defined but never used.  @typescript-eslint/no-unused-vars
3:27  Warning: 'useEffect' is defined but never used.  @typescript-eslint/no-unused-vars
6:35  Warning: 'ChevronRight' is defined but never used.  @typescript-eslint/no-unused-vars
171:63  Warning: Unexpected any. Specify a different type.  @typescript-eslint/no-explicit-any
175:39  Warning: Unexpected any. Specify a different type.  @typescript-eslint/no-explicit-any

./app/dashboard/mpmc/[id]/simulation/page.tsx
3:20  Warning: 'useEffect' is defined but never used.  @typescript-eslint/no-unused-vars
6:77  Warning: 'XCircle' is defined but never used.  @typescript-eslint/no-unused-vars
32:7  Warning: 'INITIAL_REGISTERS' is assigned a value but never used.  @typescript-eslint/no-unused-vars
33:7  Warning: 'INITIAL_FLAGS' is assigned a value but never used.  @typescript-eslint/no-unused-vars
35:32  Warning: Unexpected any. Specify a different type.  @typescript-eslint/no-explicit-any
52:32  Warning: 'm' is defined but never used.  @typescript-eslint/no-unused-vars
52:35  Warning: Unexpected any. Specify a different type.  @typescript-eslint/no-explicit-any
53:110  Warning: Unexpected any. Specify a different type.  @typescript-eslint/no-explicit-any
54:108  Warning: Unexpected any. Specify a different type.  @typescript-eslint/no-explicit-any
54:118  Warning: Unexpected any. Specify a different type.  @typescript-eslint/no-explicit-any
55:98  Warning: Unexpected any. Specify a different type.  @typescript-eslint/no-explicit-any
57:107  Warning: Unexpected any. Specify a different type.  @typescript-eslint/no-explicit-any
57:117  Warning: Unexpected any. Specify a different type.  @typescript-eslint/no-explicit-any
69:95  Warning: Unexpected any. Specify a different type.  @typescript-eslint/no-explicit-any
69:105  Warning: Unexpected any. Specify a different type.  @typescript-eslint/no-explicit-any
69:113  Warning: Unexpected any. Specify a different type.  @typescript-eslint/no-explicit-any
81:104  Warning: Unexpected any. Specify a different type.  @typescript-eslint/no-explicit-any
82:81  Warning: Unexpected any. Specify a different type.  @typescript-eslint/no-explicit-any
97:32  Warning: 'm' is defined but never used.  @typescript-eslint/no-unused-vars
97:35  Warning: Unexpected any. Specify a different type.  @typescript-eslint/no-explicit-any
98:109  Warning: Unexpected any. Specify a different type.  @typescript-eslint/no-explicit-any
99:95  Warning: Unexpected any. Specify a different type.  @typescript-eslint/no-explicit-any
100:102  Warning: Unexpected any. Specify a different type.  @typescript-eslint/no-explicit-any
100:112  Warning: Unexpected any. Specify a different type.  @typescript-eslint/no-explicit-any
101:99  Warning: Unexpected any. Specify a different type.  @typescript-eslint/no-explicit-any
102:92  Warning: Unexpected any. Specify a different type.  @typescript-eslint/no-explicit-any
103:99  Warning: Unexpected any. Specify a different type.  @typescript-eslint/no-explicit-any
103:109  Warning: Unexpected any. Specify a different type.  @typescript-eslint/no-explicit-any
105:83  Warning: Unexpected any. Specify a different type.  @typescript-eslint/no-explicit-any
105:93  Warning: Unexpected any. Specify a different type.  @typescript-eslint/no-explicit-any
105:101  Warning: Unexpected any. Specify a different type.  @typescript-eslint/no-explicit-any
112:85  Warning: Unexpected any. Specify a different type.  @typescript-eslint/no-explicit-any
113:71  Warning: Unexpected any. Specify a different type.  @typescript-eslint/no-explicit-any
137:32  Warning: 'm' is defined but never used.  @typescript-eslint/no-unused-vars
137:35  Warning: Unexpected any. Specify a different type.  @typescript-eslint/no-explicit-any
138:109  Warning: Unexpected any. Specify a different type.  @typescript-eslint/no-explicit-any
138:119  Warning: Unexpected any. Specify a different type.  @typescript-eslint/no-explicit-any
139:105  Warning: Unexpected any. Specify a different type.  @typescript-eslint/no-explicit-any
140:110  Warning: Unexpected any. Specify a different type.  @typescript-eslint/no-explicit-any
140:120  Warning: Unexpected any. Specify a different type.  @typescript-eslint/no-explicit-any
142:94  Warning: Unexpected any. Specify a different type.  @typescript-eslint/no-explicit-any
153:104  Warning: Unexpected any. Specify a different type.  @typescript-eslint/no-explicit-any
154:81  Warning: Unexpected any. Specify a different type.  @typescript-eslint/no-explicit-any
167:32  Warning: 'm' is defined but never used.  @typescript-eslint/no-unused-vars
167:35  Warning: Unexpected any. Specify a different type.  @typescript-eslint/no-explicit-any
168:99  Warning: Unexpected any. Specify a different type.  @typescript-eslint/no-explicit-any
168:109  Warning: Unexpected any. Specify a different type.  @typescript-eslint/no-explicit-any
169:91  Warning: Unexpected any. Specify a different type.  @typescript-eslint/no-explicit-any
170:102  Warning: Unexpected any. Specify a different type.  @typescript-eslint/no-explicit-any
170:112  Warning: Unexpected any. Specify a different type.  @typescript-eslint/no-explicit-any
172:101  Warning: Unexpected any. Specify a different type.  @typescript-eslint/no-explicit-any
183:104  Warning: Unexpected any. Specify a different type.  @typescript-eslint/no-explicit-any
184:81  Warning: Unexpected any. Specify a different type.  @typescript-eslint/no-explicit-any
209:32  Warning: 'm' is defined but never used.  @typescript-eslint/no-unused-vars
209:35  Warning: Unexpected any. Specify a different type.  @typescript-eslint/no-explicit-any
210:110  Warning: Unexpected any. Specify a different type.  @typescript-eslint/no-explicit-any
211:108  Warning: Unexpected any. Specify a different type.  @typescript-eslint/no-explicit-any
211:118  Warning: Unexpected any. Specify a different type.  @typescript-eslint/no-explicit-any
212:98  Warning: Unexpected any. Specify a different type.  @typescript-eslint/no-explicit-any
214:107  Warning: Unexpected any. Specify a different type.  @typescript-eslint/no-explicit-any
214:117  Warning: Unexpected any. Specify a different type.  @typescript-eslint/no-explicit-any
226:95  Warning: Unexpected any. Specify a different type.  @typescript-eslint/no-explicit-any
226:105  Warning: Unexpected any. Specify a different type.  @typescript-eslint/no-explicit-any
226:113  Warning: Unexpected any. Specify a different type.  @typescript-eslint/no-explicit-any
238:104  Warning: Unexpected any. Specify a different type.  @typescript-eslint/no-explicit-any
239:81  Warning: Unexpected any. Specify a different type.  @typescript-eslint/no-explicit-any
253:32  Warning: 'm' is defined but never used.  @typescript-eslint/no-unused-vars
253:35  Warning: Unexpected any. Specify a different type.  @typescript-eslint/no-explicit-any
254:112  Warning: Unexpected any. Specify a different type.  @typescript-eslint/no-explicit-any
255:109  Warning: Unexpected any. Specify a different type.  @typescript-eslint/no-explicit-any
256:102  Warning: Unexpected any. Specify a different type.  @typescript-eslint/no-explicit-any
256:112  Warning: Unexpected any. Specify a different type.  @typescript-eslint/no-explicit-any
257:102  Warning: Unexpected any. Specify a different type.  @typescript-eslint/no-explicit-any
258:106  Warning: Unexpected any. Specify a different type.  @typescript-eslint/no-explicit-any
259:99  Warning: Unexpected any. Specify a different type.  @typescript-eslint/no-explicit-any
259:109  Warning: Unexpected any. Specify a different type.  @typescript-eslint/no-explicit-any
261:98  Warning: Unexpected any. Specify a different type.  @typescript-eslint/no-explicit-any
261:108  Warning: Unexpected any. Specify a different type.  @typescript-eslint/no-explicit-any
261:116  Warning: Unexpected any. Specify a different type.  @typescript-eslint/no-explicit-any
268:97  Warning: Unexpected any. Specify a different type.  @typescript-eslint/no-explicit-any
269:79  Warning: Unexpected any. Specify a different type.  @typescript-eslint/no-explicit-any
287:35  Warning: Unexpected any. Specify a different type.  @typescript-eslint/no-explicit-any
305:35  Warning: Unexpected any. Specify a different type.  @typescript-eslint/no-explicit-any
339:66  Warning: Unexpected any. Specify a different type.  @typescript-eslint/no-explicit-any
354:12  Warning: 'step' is assigned a value but never used.  @typescript-eslint/no-unused-vars
357:44  Warning: Unexpected any. Specify a different type.  @typescript-eslint/no-explicit-any
361:12  Warning: 'daaEffect' is assigned a value but never used.  @typescript-eslint/no-unused-vars
375:11  Warning: 'instructions' is assigned a value but never used.  @typescript-eslint/no-unused-vars
406:86  Warning: Unexpected any. Specify a different type.  @typescript-eslint/no-explicit-any
406:111  Warning: Unexpected any. Specify a different type.  @typescript-eslint/no-explicit-any
407:79  Warning: Unexpected any. Specify a different type.  @typescript-eslint/no-explicit-any
407:105  Warning: Unexpected any. Specify a different type.  @typescript-eslint/no-explicit-any
492:71  Warning: Unexpected any. Specify a different type.  @typescript-eslint/no-explicit-any

./app/dashboard/oops/[id]/simulation/page.tsx
40:61  Warning: Unexpected any. Specify a different type.  @typescript-eslint/no-explicit-any

./app/dashboard/page.tsx
5:10  Warning: 'LabRegistry' is defined but never used.  @typescript-eslint/no-unused-vars

./app/login/page.tsx
10:7  Warning: 'API_URL' is assigned a value but never used.  @typescript-eslint/no-unused-vars

./app/subjects/oopj/experiments/experiment-1/editor.tsx
22:52  Warning: Unexpected any. Specify a different type.  @typescript-eslint/no-explicit-any
47:18  Warning: 'err' is defined but never used.  @typescript-eslint/no-unused-vars
77:18  Warning: 'err' is defined but never used.  @typescript-eslint/no-unused-vars
141:60  Warning: Unexpected any. Specify a different type.  @typescript-eslint/no-explicit-any

./app/subjects/oopj/experiments/experiment-1/page.tsx
7:10  Warning: 'Button' is defined but never used.  @typescript-eslint/no-unused-vars

./app/subjects/oopj/experiments/experiment-1/problem.tsx
7:54  Warning: `"` can be escaped with `&quot;`, `&ldquo;`, `&#34;`, `&rdquo;`.  react/no-unescaped-entities
7:71  Warning: `"` can be escaped with `&quot;`, `&ldquo;`, `&#34;`, `&rdquo;`.  react/no-unescaped-entities

./components/simulation/cn/CSMASimulation.tsx
5:10  Warning: 'Input' is defined but never used.  @typescript-eslint/no-unused-vars
12:5  Warning: 'AlertTriangle' is defined but never used.  @typescript-eslint/no-unused-vars
163:17  Warning: 'transmittingCount' is never reassigned. Use 'const' instead.  prefer-const

./components/simulation/cn/OSISimulation.tsx
3:27  Warning: 'useEffect' is defined but never used.  @typescript-eslint/no-unused-vars

./components/simulation/cn/SlidingWindowSimulation.tsx
6:49  Warning: 'AlertTriangle' is defined but never used.  @typescript-eslint/no-unused-vars
7:23  Warning: 'BarChart3' is defined but never used.  @typescript-eslint/no-unused-vars
22:11  Warning: 'ProtocolState' is defined but never used.  @typescript-eslint/no-unused-vars
34:21  Warning: 'setTimeoutVal' is assigned a value but never used.  @typescript-eslint/no-unused-vars
100:8  Warning: React Hook useCallback has a missing dependency: 'handleTimeout'. Either include it or remove the dependency array.  react-hooks/exhaustive-deps
156:8  Warning: React Hook useEffect has missing dependencies: 'handleAckArrival' and 'handleDataArrival'. Either include them or remove the dependency array.  react-hooks/exhaustive-deps
266:60  Warning: Unexpected any. Specify a different type.  @typescript-eslint/no-explicit-any
297:90  Warning: Unexpected any. Specify a different type.  @typescript-eslint/no-explicit-any

./components/simulation/cn/TokenProtocolsSimulation.tsx
3:51  Warning: 'useRef' is defined but never used.  @typescript-eslint/no-unused-vars
6:5  Warning: 'ArrowRightLeft' is defined but never used.  @typescript-eslint/no-unused-vars
6:21  Warning: 'Circle' is defined but never used.  @typescript-eslint/no-unused-vars
6:29  Warning: 'Database' is defined but never used.  @typescript-eslint/no-unused-vars
6:39  Warning: 'BarChart3' is defined but never used.  @typescript-eslint/no-unused-vars
7:34  Warning: 'ArrowRight' is defined but never used.  @typescript-eslint/no-unused-vars
107:11  Warning: 'context' is assigned a value but never used.  @typescript-eslint/no-unused-vars
111:24  Warning: 'setPacketSize' is assigned a value but never used.  @typescript-eslint/no-unused-vars
112:22  Warning: 'setSimSpeed' is assigned a value but never used.  @typescript-eslint/no-unused-vars
115:12  Warning: 'tokenHoldingTime' is assigned a value but never used.  @typescript-eslint/no-unused-vars
115:30  Warning: 'setTokenHoldingTime' is assigned a value but never used.  @typescript-eslint/no-unused-vars
166:38  Warning: Expected a `const` instead of a literal type assertion.  @typescript-eslint/prefer-as-const
170:35  Warning: Expected a `const` instead of a literal type assertion.  @typescript-eslint/prefer-as-const
180:34  Warning: Expected a `const` instead of a literal type assertion.  @typescript-eslint/prefer-as-const
184:31  Warning: Expected a `const` instead of a literal type assertion.  @typescript-eslint/prefer-as-const
189:67  Warning: Expected a `const` instead of a literal type assertion.  @typescript-eslint/prefer-as-const
189:136  Warning: Expected a `const` instead of a literal type assertion.  @typescript-eslint/prefer-as-const
196:42  Warning: Expected a `const` instead of a literal type assertion.  @typescript-eslint/prefer-as-const
200:39  Warning: Expected a `const` instead of a literal type assertion.  @typescript-eslint/prefer-as-const
213:38  Warning: Expected a `const` instead of a literal type assertion.  @typescript-eslint/prefer-as-const
217:35  Warning: Expected a `const` instead of a literal type assertion.  @typescript-eslint/prefer-as-const
260:8  Warning: React Hook useEffect has a missing dependency: 'nodes'. Either include it or remove the dependency array.  react-hooks/exhaustive-deps
430:8  Warning: React Hook useCallback has a missing dependency: 'nodes'. Either include it or remove the dependency array. You can also do a functional update 'setNodes(n => ...)' if you only need 'nodes' in the 'setNodes' call.  react-hooks/exhaustive-deps
473:31  Warning: 'e' is defined but never used.  @typescript-eslint/no-unused-vars
505:11  Warning: 'resetSimulation' is assigned a value but never used.  @typescript-eslint/no-unused-vars
515:11  Warning: 'serializeState' is assigned a value but never used.  @typescript-eslint/no-unused-vars
529:11  Warning: 'restoreState' is assigned a value but never used.  @typescript-eslint/no-unused-vars
542:18  Warning: 'e' is defined but never used.  @typescript-eslint/no-unused-vars
582:60  Warning: Unexpected any. Specify a different type.  @typescript-eslint/no-explicit-any
839:109  Warning: Unexpected any. Specify a different type.  @typescript-eslint/no-explicit-any
878:109  Warning: Unexpected any. Specify a different type.  @typescript-eslint/no-explicit-any
987:55  Warning: Unexpected any. Specify a different type.  @typescript-eslint/no-explicit-any
1171:20  Warning: Unknown property 'jsx' found  react/no-unknown-property
1171:24  Warning: Unknown property 'global' found  react/no-unknown-property
1187:158  Warning: Unexpected any. Specify a different type.  @typescript-eslint/no-explicit-any
1195:41  Warning: Unexpected any. Specify a different type.  @typescript-eslint/no-explicit-any
1252:46  Warning: Unexpected any. Specify a different type.  @typescript-eslint/no-explicit-any
1260:46  Warning: Unexpected any. Specify a different type.  @typescript-eslint/no-explicit-any
1274:39  Warning: Unexpected any. Specify a different type.  @typescript-eslint/no-explicit-any
1293:70  Warning: Unexpected any. Specify a different type.  @typescript-eslint/no-explicit-any
1395:31  Warning: Unexpected any. Specify a different type.  @typescript-eslint/no-explicit-any
1448:43  Warning: Unexpected any. Specify a different type.  @typescript-eslint/no-explicit-any

./components/simulation/mpmc/OpcodeGuide.tsx
98:111  Warning: `"` can be escaped with `&quot;`, `&ldquo;`, `&#34;`, `&rdquo;`.  react/no-unescaped-entities
98:120  Warning: `"` can be escaped with `&quot;`, `&ldquo;`, `&#34;`, `&rdquo;`.  react/no-unescaped-entities

./components/simulation/mpmc/TrainerKit.tsx
6:5  Warning: 'Activity' is defined but never used.  @typescript-eslint/no-unused-vars
7:5  Warning: 'Database' is defined but never used.  @typescript-eslint/no-unused-vars
10:5  Warning: 'ChevronRight' is defined but never used.  @typescript-eslint/no-unused-vars
116:17  Warning: Unexpected lexical declaration in case block.  no-case-declarations
167:21  Warning: Unexpected any. Specify a different type.  @typescript-eslint/no-explicit-any
176:11  Warning: 'handleIOExamine' is assigned a value but never used.  @typescript-eslint/no-unused-vars
347:123  Warning: Unexpected any. Specify a different type.  @typescript-eslint/no-explicit-any
355:135  Warning: Unexpected any. Specify a different type.  @typescript-eslint/no-explicit-any
356:127  Warning: Unexpected any. Specify a different type.  @typescript-eslint/no-explicit-any
357:127  Warning: Unexpected any. Specify a different type.  @typescript-eslint/no-explicit-any
358:137  Warning: Unexpected any. Specify a different type.  @typescript-eslint/no-explicit-any

./components/ui/input.tsx
4:18  Warning: An interface declaring no members is equivalent to its supertype.  @typescript-eslint/no-empty-object-type

./lib/labs/registry.ts
16:36  Warning: Unexpected any. Specify a different type.  @typescript-eslint/no-explicit-any

./lib/mpmc/8085-cpu.ts
150:43  Warning: 'this.registers.B' is assigned to itself.  no-self-assign
160:43  Warning: 'this.registers.C' is assigned to itself.  no-self-assign
170:43  Warning: 'this.registers.D' is assigned to itself.  no-self-assign
180:43  Warning: 'this.registers.E' is assigned to itself.  no-self-assign
190:43  Warning: 'this.registers.H' is assigned to itself.  no-self-assign
200:43  Warning: 'this.registers.L' is assigned to itself.  no-self-assign
203:43  Warning: 'this.registers.A' is assigned to itself.  no-self-assign
348:13  Warning: Duplicate case label.  no-duplicate-case
494:13  Warning: Duplicate case label.  no-duplicate-case
637:20  Warning: 'port' is defined but never used.  @typescript-eslint/no-unused-vars

./lib/mpmc/assembler.ts
179:23  Warning: 'mnemonic' is assigned a value but never used.  @typescript-eslint/no-unused-vars
224:21  Warning: Unexpected any. Specify a different type.  @typescript-eslint/no-explicit-any

info  - Need to disable some ESLint rules? Learn more here: https://nextjs.org/docs/app/api-reference/config/eslint#disabling-rules
   Collecting page data ...
   Generating static pages (0/16) ...
   Generating static pages (4/16) 
TypeError: Cannot read properties of null (reading 'useContext')
    at h (C:\Users\vaibh\Desktop\Prayukti-vLAB\frontend\.next\server\pages\_error.js:1:6054)
Error occurred prerendering page "/404". Read more: https://nextjs.org/docs/messages/prerender-error
TypeError: Cannot read properties of null (reading 'useContext')
    at exports.useContext (C:\Users\vaibh\Desktop\Prayukti-vLAB\frontend\node_modules\react\cjs\react.production.js:488:33)
    at h (C:\Users\vaibh\Desktop\Prayukti-vLAB\frontend\.next\server\pages\_error.js:1:6054)
    at renderWithHooks (C:\Users\vaibh\Desktop\Prayukti-vLAB\node_modules\react-dom\cjs\react-dom-server.edge.production.js:4747:18)
    at renderElement (C:\Users\vaibh\Desktop\Prayukti-vLAB\node_modules\react-dom\cjs\react-dom-server.edge.production.js:4885:14)
    at retryNode (C:\Users\vaibh\Desktop\Prayukti-vLAB\node_modules\react-dom\cjs\react-dom-server.edge.production.js:5603:16)
    at renderNodeDestructive (C:\Users\vaibh\Desktop\Prayukti-vLAB\node_modules\react-dom\cjs\react-dom-server.edge.production.js:5397:7)
    at renderNode (C:\Users\vaibh\Desktop\Prayukti-vLAB\node_modules\react-dom\cjs\react-dom-server.edge.production.js:5964:14)
    at renderChildrenArray (C:\Users\vaibh\Desktop\Prayukti-vLAB\node_modules\react-dom\cjs\react-dom-server.edge.production.js:5746:7)
    at retryNode (C:\Users\vaibh\Desktop\Prayukti-vLAB\node_modules\react-dom\cjs\react-dom-server.edge.production.js:5617:9)
    at renderNodeDestructive (C:\Users\vaibh\Desktop\Prayukti-vLAB\node_modules\react-dom\cjs\react-dom-server.edge.production.js:5397:7)
Export encountered an error on /_error: /404, exiting the build.
 ⨯ Static worker exited with code: 1 and signal: null
npm error Lifecycle script `build` failed with error:
npm error code 1
npm error path C:\Users\vaibh\Desktop\Prayukti-vLAB\frontend
npm error workspace frontend@0.1.0
npm error location C:\Users\vaibh\Desktop\Prayukti-vLAB\frontend
npm error command failed
npm error command C:\WINDOWS\system32\cmd.exe /d /s /c next build
